0 info it worked if it ends with ok
1 verbose cli [ 'node', '/usr/local/bin/npm', 'install', '-g', 'mup' ]
2 info using npm@1.4.28
3 info using node@v0.10.36
4 verbose cache add [ 'mup', null ]
5 verbose cache add name=undefined spec="mup" args=["mup",null]
6 verbose parsed url { protocol: null,
6 verbose parsed url   slashes: null,
6 verbose parsed url   auth: null,
6 verbose parsed url   host: null,
6 verbose parsed url   port: null,
6 verbose parsed url   hostname: null,
6 verbose parsed url   hash: null,
6 verbose parsed url   search: null,
6 verbose parsed url   query: null,
6 verbose parsed url   pathname: 'mup',
6 verbose parsed url   path: 'mup',
6 verbose parsed url   href: 'mup' }
7 silly lockFile 19bdb584-mup mup
8 verbose lock mup /Users/dilanjayasinghe/.npm/19bdb584-mup.lock
9 silly lockFile 19bdb584-mup mup
10 silly lockFile 19bdb584-mup mup
11 verbose addNamed [ 'mup', '' ]
12 verbose addNamed [ null, '*' ]
13 silly lockFile 49f77549-mup mup@
14 verbose lock mup@ /Users/dilanjayasinghe/.npm/49f77549-mup.lock
15 silly addNameRange { name: 'mup', range: '*', hasData: false }
16 verbose request where is /mup
17 verbose request registry https://registry.npmjs.org/
18 verbose request id 8be0b30dfa9e6399
19 verbose url raw /mup
20 verbose url resolving [ 'https://registry.npmjs.org/', './mup' ]
21 verbose url resolved https://registry.npmjs.org/mup
22 verbose request where is https://registry.npmjs.org/mup
23 info trying registry request attempt 1 at 12:26:16
24 verbose etag "9E8D9U7WT17UGLM5DGW3ATGGE"
25 http GET https://registry.npmjs.org/mup
26 http 304 https://registry.npmjs.org/mup
27 silly registry.get cb [ 304,
27 silly registry.get   { date: 'Wed, 03 Aug 2016 04:26:17 GMT',
27 silly registry.get     via: '1.1 varnish',
27 silly registry.get     'cache-control': 'max-age=300',
27 silly registry.get     etag: '"9E8D9U7WT17UGLM5DGW3ATGGE"',
27 silly registry.get     age: '0',
27 silly registry.get     connection: 'keep-alive',
27 silly registry.get     'x-served-by': 'cache-sjc3625-SJC',
27 silly registry.get     'x-cache': 'MISS',
27 silly registry.get     'x-cache-hits': '0',
27 silly registry.get     'x-timer': 'S1470198377.150861,VS0,VE95',
27 silly registry.get     vary: 'Accept-Encoding' } ]
28 verbose etag https://registry.npmjs.org/mup from cache
29 silly addNameRange number 2 { name: 'mup', range: '*', hasData: true }
30 silly addNameRange versions [ 'mup',
30 silly addNameRange   [ '0.1.2',
30 silly addNameRange     '0.1.3',
30 silly addNameRange     '0.1.4',
30 silly addNameRange     '0.1.5',
30 silly addNameRange     '0.1.6',
30 silly addNameRange     '0.1.7',
30 silly addNameRange     '0.1.8',
30 silly addNameRange     '0.1.9',
30 silly addNameRange     '0.1.10',
30 silly addNameRange     '0.1.11',
30 silly addNameRange     '0.1.12',
30 silly addNameRange     '0.1.13',
30 silly addNameRange     '0.2.0',
30 silly addNameRange     '0.3.0',
30 silly addNameRange     '0.4.0',
30 silly addNameRange     '0.4.1',
30 silly addNameRange     '0.4.2',
30 silly addNameRange     '0.4.3',
30 silly addNameRange     '0.4.4',
30 silly addNameRange     '0.4.5',
30 silly addNameRange     '0.4.6',
30 silly addNameRange     '0.4.7',
30 silly addNameRange     '0.5.0',
30 silly addNameRange     '0.5.1',
30 silly addNameRange     '0.5.2',
30 silly addNameRange     '0.5.3',
30 silly addNameRange     '0.6.0',
30 silly addNameRange     '0.6.1',
30 silly addNameRange     '0.6.3',
30 silly addNameRange     '0.6.4',
30 silly addNameRange     '0.6.5',
30 silly addNameRange     '0.6.7',
30 silly addNameRange     '0.6.8',
30 silly addNameRange     '0.6.9',
30 silly addNameRange     '0.6.10',
30 silly addNameRange     '0.6.11',
30 silly addNameRange     '0.6.12',
30 silly addNameRange     '0.7.0',
30 silly addNameRange     '0.7.1',
30 silly addNameRange     '0.7.2',
30 silly addNameRange     '0.7.3',
30 silly addNameRange     '0.7.4',
30 silly addNameRange     '0.7.5',
30 silly addNameRange     '0.7.6',
30 silly addNameRange     '0.7.7',
30 silly addNameRange     '0.8.0',
30 silly addNameRange     '0.9.0',
30 silly addNameRange     '0.9.1',
30 silly addNameRange     '0.9.2',
30 silly addNameRange     '0.9.3',
30 silly addNameRange     '0.9.4',
30 silly addNameRange     '0.9.5',
30 silly addNameRange     '0.9.6',
30 silly addNameRange     '0.9.7',
30 silly addNameRange     '0.10.0',
30 silly addNameRange     '0.10.1',
30 silly addNameRange     '0.10.2',
30 silly addNameRange     '0.10.3',
30 silly addNameRange     '0.10.4',
30 silly addNameRange     '0.10.5',
30 silly addNameRange     '0.10.6',
30 silly addNameRange     '0.10.7',
30 silly addNameRange     '0.10.8',
30 silly addNameRange     '0.11.0',
30 silly addNameRange     '0.11.1',
30 silly addNameRange     '0.11.2',
30 silly addNameRange     '0.11.3' ] ]
31 verbose addNamed [ 'mup', '0.11.3' ]
32 verbose addNamed [ '0.11.3', '0.11.3' ]
33 silly lockFile 02dc0967-mup-0-11-3 mup@0.11.3
34 verbose lock mup@0.11.3 /Users/dilanjayasinghe/.npm/02dc0967-mup-0-11-3.lock
35 silly lockFile ce1b50d0-try-npmjs-org-mup-mup-0-11-3-tgz https://registry.npmjs.org/mup/-/mup-0.11.3.tgz
36 verbose lock https://registry.npmjs.org/mup/-/mup-0.11.3.tgz /Users/dilanjayasinghe/.npm/ce1b50d0-try-npmjs-org-mup-mup-0-11-3-tgz.lock
37 verbose addRemoteTarball [ 'https://registry.npmjs.org/mup/-/mup-0.11.3.tgz',
37 verbose addRemoteTarball   '080c14be32a0525efaba907a446e045e4d5eb0e1' ]
38 info retry fetch attempt 1 at 12:26:17
39 verbose fetch to= /var/folders/qc/p5rjfhxx66v3qc91s75jml8h0000gn/T/npm-5907-UuY7YOyO/registry.npmjs.org/mup/-/mup-0.11.3.tgz
40 http GET https://registry.npmjs.org/mup/-/mup-0.11.3.tgz
41 http 200 https://registry.npmjs.org/mup/-/mup-0.11.3.tgz
42 silly lockFile ce1b50d0-try-npmjs-org-mup-mup-0-11-3-tgz https://registry.npmjs.org/mup/-/mup-0.11.3.tgz
43 silly lockFile ce1b50d0-try-npmjs-org-mup-mup-0-11-3-tgz https://registry.npmjs.org/mup/-/mup-0.11.3.tgz
44 silly lockFile 02dc0967-mup-0-11-3 mup@0.11.3
45 silly lockFile 02dc0967-mup-0-11-3 mup@0.11.3
46 silly lockFile 49f77549-mup mup@
47 silly lockFile 49f77549-mup mup@
48 error Error: EACCES, mkdir '/Users/dilanjayasinghe/.npm/mup/0.11.3'
48 error  { [Error: EACCES, mkdir '/Users/dilanjayasinghe/.npm/mup/0.11.3']
48 error   errno: 3,
48 error   code: 'EACCES',
48 error   path: '/Users/dilanjayasinghe/.npm/mup/0.11.3' }
49 error Please try running this command again as root/Administrator.
50 error System Darwin 15.6.0
51 error command "node" "/usr/local/bin/npm" "install" "-g" "mup"
52 error cwd /Users/dilanjayasinghe/oneaston2
53 error node -v v0.10.36
54 error npm -v 1.4.28
55 error path /Users/dilanjayasinghe/.npm/mup/0.11.3
56 error code EACCES
57 error errno 3
58 error stack Error: EACCES, mkdir '/Users/dilanjayasinghe/.npm/mup/0.11.3'
59 verbose exit [ 3, true ]
